Gdk-Message: 14:31:41.113: Unable to load sb_v_double_arrow from the cursor theme
Gdk-Message: 14:31:41.113: Unable to load sb_h_double_arrow from the cursor theme
Gdk-Message: 14:31:41.130: Unable to load hand2 from the cursor theme
Gdk-Message: 14:31:41.130: Unable to load sb_h_double_arrow from the cursor theme
Gdk-Message: 14:31:41.130: Unable to load sb_v_double_arrow from the cursor theme
Gdk-Message: 14:39:43.422: Unable to load sb_v_double_arrow from the cursor theme
Gdk-Message: 14:39:43.422: Unable to load sb_h_double_arrow from the cursor theme
Gdk-Message: 14:39:43.439: Unable to load hand2 from the cursor theme
Gdk-Message: 14:39:43.439: Unable to load sb_h_double_arrow from the cursor theme
Gdk-Message: 14:39:43.439: Unable to load sb_v_double_arrow from the cursor theme
Gdk-Message: 14:48:41.020: Unable to load sb_v_double_arrow from the cursor theme
Gdk-Message: 14:48:41.020: Unable to load sb_h_double_arrow from the cursor theme
Gdk-Message: 14:48:41.036: Unable to load hand2 from the cursor theme
Gdk-Message: 14:48:41.036: Unable to load sb_h_double_arrow from the cursor theme
Gdk-Message: 14:48:41.036: Unable to load sb_v_double_arrow from the cursor theme
Gdk-Message: 15:22:01.898: Unable to load sb_v_double_arrow from the cursor theme
Gdk-Message: 15:22:01.898: Unable to load sb_h_double_arrow from the cursor theme
Gdk-Message: 15:22:01.916: Unable to load hand2 from the cursor theme
Gdk-Message: 15:22:01.916: Unable to load sb_h_double_arrow from the cursor theme
Gdk-Message: 15:22:01.916: Unable to load sb_v_double_arrow from the cursor theme
Gdk-Message: 15:23:30.995: Unable to load sb_v_double_arrow from the cursor theme
Gdk-Message: 15:23:30.995: Unable to load sb_h_double_arrow from the cursor theme
Gdk-Message: 15:23:31.011: Unable to load hand2 from the cursor theme
Gdk-Message: 15:23:31.011: Unable to load sb_h_double_arrow from the cursor theme
Gdk-Message: 15:23:31.011: Unable to load sb_v_double_arrow from the cursor theme
Gdk-Message: 15:24:44.429: Unable to load sb_v_double_arrow from the cursor theme
Gdk-Message: 15:24:44.429: Unable to load sb_h_double_arrow from the cursor theme
Gdk-Message: 15:24:44.446: Unable to load hand2 from the cursor theme
Gdk-Message: 15:24:44.446: Unable to load sb_h_double_arrow from the cursor theme
Gdk-Message: 15:24:44.446: Unable to load sb_v_double_arrow from the cursor theme
Gdk-Message: 15:25:59.492: Unable to load sb_v_double_arrow from the cursor theme
Gdk-Message: 15:25:59.492: Unable to load sb_h_double_arrow from the cursor theme
Gdk-Message: 15:25:59.507: Unable to load hand2 from the cursor theme
Gdk-Message: 15:25:59.507: Unable to load sb_h_double_arrow from the cursor theme
Gdk-Message: 15:25:59.507: Unable to load sb_v_double_arrow from the cursor theme
Gdk-Message: 15:28:18.110: Unable to load sb_v_double_arrow from the cursor theme
Gdk-Message: 15:28:18.110: Unable to load sb_h_double_arrow from the cursor theme
Gdk-Message: 15:28:18.126: Unable to load hand2 from the cursor theme
Gdk-Message: 15:28:18.126: Unable to load sb_h_double_arrow from the cursor theme
Gdk-Message: 15:28:18.126: Unable to load sb_v_double_arrow from the cursor theme
Gdk-Message: 15:30:01.794: Unable to load sb_v_double_arrow from the cursor theme
Gdk-Message: 15:30:01.794: Unable to load sb_h_double_arrow from the cursor theme
Gdk-Message: 15:30:01.809: Unable to load hand2 from the cursor theme
Gdk-Message: 15:30:01.809: Unable to load sb_h_double_arrow from the cursor theme
Gdk-Message: 15:30:01.809: Unable to load sb_v_double_arrow from the cursor theme
Gdk-Message: 15:31:31.852: Unable to load sb_v_double_arrow from the cursor theme
Gdk-Message: 15:31:31.853: Unable to load sb_h_double_arrow from the cursor theme
Gdk-Message: 15:31:31.868: Unable to load hand2 from the cursor theme
Gdk-Message: 15:31:31.868: Unable to load sb_h_double_arrow from the cursor theme
Gdk-Message: 15:31:31.868: Unable to load sb_v_double_arrow from the cursor theme
Gdk-Message: 15:33:10.290: Unable to load sb_v_double_arrow from the cursor theme
Gdk-Message: 15:33:10.290: Unable to load sb_h_double_arrow from the cursor theme
Gdk-Message: 15:33:10.306: Unable to load hand2 from the cursor theme
Gdk-Message: 15:33:10.306: Unable to load sb_h_double_arrow from the cursor theme
Gdk-Message: 15:33:10.306: Unable to load sb_v_double_arrow from the cursor theme
Gdk-Message: 17:52:17.975: Unable to load sb_v_double_arrow from the cursor theme
Gdk-Message: 17:52:17.975: Unable to load sb_h_double_arrow from the cursor theme
Gdk-Message: 17:52:17.991: Unable to load hand2 from the cursor theme
Gdk-Message: 17:52:17.991: Unable to load sb_h_double_arrow from the cursor theme
Gdk-Message: 17:52:17.991: Unable to load sb_v_double_arrow from the cursor theme
Gdk-Message: 17:59:30.526: Unable to load sb_v_double_arrow from the cursor theme
Gdk-Message: 17:59:30.526: Unable to load sb_h_double_arrow from the cursor theme
Gdk-Message: 17:59:30.541: Unable to load hand2 from the cursor theme
Gdk-Message: 17:59:30.541: Unable to load sb_h_double_arrow from the cursor theme
Gdk-Message: 17:59:30.541: Unable to load sb_v_double_arrow from the cursor theme
Gdk-Message: 18:02:31.078: Unable to load sb_v_double_arrow from the cursor theme
Gdk-Message: 18:02:31.078: Unable to load sb_h_double_arrow from the cursor theme
Gdk-Message: 18:02:31.095: Unable to load hand2 from the cursor theme
Gdk-Message: 18:02:31.095: Unable to load sb_h_double_arrow from the cursor theme
Gdk-Message: 18:02:31.095: Unable to load sb_v_double_arrow from the cursor theme
Gdk-Message: 18:05:27.368: Unable to load sb_v_double_arrow from the cursor theme
Gdk-Message: 18:05:27.368: Unable to load sb_h_double_arrow from the cursor theme
Gdk-Message: 18:05:27.383: Unable to load hand2 from the cursor theme
Gdk-Message: 18:05:27.383: Unable to load sb_h_double_arrow from the cursor theme
Gdk-Message: 18:05:27.383: Unable to load sb_v_double_arrow from the cursor theme

(emacs:901144): GLib-GIO-CRITICAL **: 18:18:58.457: g_settings_new_full: assertion 'path == NULL || path_is_valid (path)' failed

(emacs:901144): GLib-GIO-CRITICAL **: 18:18:58.457: g_settings_new_full: assertion 'path == NULL || path_is_valid (path)' failed

(emacs:901144): GLib-GIO-CRITICAL **: 18:18:58.457: g_settings_new_full: assertion 'path == NULL || path_is_valid (path)' failed

(emacs:901144): GLib-GIO-CRITICAL **: 18:18:58.457: g_settings_new_full: assertion 'path == NULL || path_is_valid (path)' failed

(emacs:901144): GLib-GIO-CRITICAL **: 18:18:58.457: g_settings_new_full: assertion 'path == NULL || path_is_valid (path)' failed

(emacs:901144): GLib-GIO-CRITICAL **: 18:18:58.457: g_settings_new_full: assertion 'path == NULL || path_is_valid (path)' failed

(emacs:901144): GLib-GIO-CRITICAL **: 18:18:58.457: g_settings_new_full: assertion 'path == NULL || path_is_valid (path)' failed

(emacs:901144): GLib-GIO-CRITICAL **: 18:18:58.457: g_settings_new_full: assertion 'path == NULL || path_is_valid (path)' failed

(emacs:901144): GLib-GIO-CRITICAL **: 18:18:58.457: g_settings_new_full: assertion 'path == NULL || path_is_valid (path)' failed

(emacs:901144): GLib-GIO-CRITICAL **: 18:18:58.457: g_settings_new_full: assertion 'path == NULL || path_is_valid (path)' failed

(emacs:901144): GLib-GIO-CRITICAL **: 18:18:58.457: g_settings_new_full: assertion 'path == NULL || path_is_valid (path)' failed

(emacs:901144): GLib-GIO-CRITICAL **: 18:18:58.457: g_settings_new_full: assertion 'path == NULL || path_is_valid (path)' failed

(emacs:901144): GLib-GIO-CRITICAL **: 18:18:58.457: g_settings_new_full: assertion 'path == NULL || path_is_valid (path)' failed

(emacs:901144): GLib-GIO-CRITICAL **: 18:18:58.457: g_settings_new_full: assertion 'path == NULL || path_is_valid (path)' failed
Gdk-Message: 18:18:58.458: Unable to load hand2 from the cursor theme
Gdk-Message: 18:18:58.458: Unable to load sb_h_double_arrow from the cursor theme
Gdk-Message: 18:18:58.458: Unable to load sb_v_double_arrow from the cursor theme

(emacs:901144): GLib-GIO-CRITICAL **: 18:18:58.458: g_settings_new_full: assertion 'path == NULL || path_is_valid (path)' failed

(emacs:901144): GLib-GIO-CRITICAL **: 18:18:58.458: g_settings_new_full: assertion 'path == NULL || path_is_valid (path)' failed

(emacs:901144): GLib-GIO-CRITICAL **: 18:18:58.458: g_settings_new_full: assertion 'path == NULL || path_is_valid (path)' failed

(emacs:901144): GLib-GIO-CRITICAL **: 18:18:58.458: g_settings_new_full: assertion 'path == NULL || path_is_valid (path)' failed

(emacs:901144): GLib-GIO-CRITICAL **: 18:18:58.458: g_settings_new_full: assertion 'path == NULL || path_is_valid (path)' failed

(emacs:901144): GLib-GIO-CRITICAL **: 18:18:58.458: g_settings_new_full: assertion 'path == NULL || path_is_valid (path)' failed

(emacs:901144): GLib-GIO-CRITICAL **: 18:18:58.460: g_settings_new_full: assertion 'path == NULL || path_is_valid (path)' failed

(emacs:901144): GLib-GIO-CRITICAL **: 18:18:58.464: g_settings_new_full: assertion 'path == NULL || path_is_valid (path)' failed

(emacs:901144): GLib-GIO-CRITICAL **: 18:18:58.467: g_settings_new_full: assertion 'path == NULL || path_is_valid (path)' failed

(emacs:901144): GLib-GIO-CRITICAL **: 18:18:58.524: g_settings_new_full: assertion 'path == NULL || path_is_valid (path)' failed
Gdk-Message: 18:23:00.373: Unable to load sb_v_double_arrow from the cursor theme
Gdk-Message: 18:23:00.373: Unable to load sb_h_double_arrow from the cursor theme
Gdk-Message: 18:23:00.388: Unable to load hand2 from the cursor theme
Gdk-Message: 18:23:00.388: Unable to load sb_h_double_arrow from the cursor theme
Gdk-Message: 18:23:00.388: Unable to load sb_v_double_arrow from the cursor theme

(emacs:910097): GLib-GIO-CRITICAL **: 18:33:12.843: g_settings_new_full: assertion 'path == NULL || path_is_valid (path)' failed

(emacs:910097): GLib-GIO-CRITICAL **: 18:33:12.843: g_settings_new_full: assertion 'path == NULL || path_is_valid (path)' failed

(emacs:910097): GLib-GIO-CRITICAL **: 18:33:12.843: g_settings_new_full: assertion 'path == NULL || path_is_valid (path)' failed

(emacs:910097): GLib-GIO-CRITICAL **: 18:33:12.843: g_settings_new_full: assertion 'path == NULL || path_is_valid (path)' failed

(emacs:910097): GLib-GIO-CRITICAL **: 18:33:12.843: g_settings_new_full: assertion 'path == NULL || path_is_valid (path)' failed

(emacs:910097): GLib-GIO-CRITICAL **: 18:33:12.843: g_settings_new_full: assertion 'path == NULL || path_is_valid (path)' failed

(emacs:910097): GLib-GIO-CRITICAL **: 18:33:12.843: g_settings_new_full: assertion 'path == NULL || path_is_valid (path)' failed

(emacs:910097): GLib-GIO-CRITICAL **: 18:33:12.843: g_settings_new_full: assertion 'path == NULL || path_is_valid (path)' failed

(emacs:910097): GLib-GIO-CRITICAL **: 18:33:12.843: g_settings_new_full: assertion 'path == NULL || path_is_valid (path)' failed

(emacs:910097): GLib-GIO-CRITICAL **: 18:33:12.843: g_settings_new_full: assertion 'path == NULL || path_is_valid (path)' failed

(emacs:910097): GLib-GIO-CRITICAL **: 18:33:12.843: g_settings_new_full: assertion 'path == NULL || path_is_valid (path)' failed

(emacs:910097): GLib-GIO-CRITICAL **: 18:33:12.843: g_settings_new_full: assertion 'path == NULL || path_is_valid (path)' failed

(emacs:910097): GLib-GIO-CRITICAL **: 18:33:12.843: g_settings_new_full: assertion 'path == NULL || path_is_valid (path)' failed

(emacs:910097): GLib-GIO-CRITICAL **: 18:33:12.843: g_settings_new_full: assertion 'path == NULL || path_is_valid (path)' failed
Gdk-Message: 18:33:12.844: Unable to load hand2 from the cursor theme
Gdk-Message: 18:33:12.844: Unable to load sb_h_double_arrow from the cursor theme
Gdk-Message: 18:33:12.844: Unable to load sb_v_double_arrow from the cursor theme

(emacs:910097): GLib-GIO-CRITICAL **: 18:33:12.844: g_settings_new_full: assertion 'path == NULL || path_is_valid (path)' failed

(emacs:910097): GLib-GIO-CRITICAL **: 18:33:12.844: g_settings_new_full: assertion 'path == NULL || path_is_valid (path)' failed

(emacs:910097): GLib-GIO-CRITICAL **: 18:33:12.844: g_settings_new_full: assertion 'path == NULL || path_is_valid (path)' failed

(emacs:910097): GLib-GIO-CRITICAL **: 18:33:12.844: g_settings_new_full: assertion 'path == NULL || path_is_valid (path)' failed

(emacs:910097): GLib-GIO-CRITICAL **: 18:33:12.844: g_settings_new_full: assertion 'path == NULL || path_is_valid (path)' failed

(emacs:910097): GLib-GIO-CRITICAL **: 18:33:12.844: g_settings_new_full: assertion 'path == NULL || path_is_valid (path)' failed

(emacs:910097): GLib-GIO-CRITICAL **: 18:33:12.847: g_settings_new_full: assertion 'path == NULL || path_is_valid (path)' failed

(emacs:910097): GLib-GIO-CRITICAL **: 18:33:12.851: g_settings_new_full: assertion 'path == NULL || path_is_valid (path)' failed

(emacs:910097): GLib-GIO-CRITICAL **: 18:33:12.851: g_settings_new_full: assertion 'path == NULL || path_is_valid (path)' failed

(emacs:910097): GLib-GIO-CRITICAL **: 18:33:12.863: g_settings_new_full: assertion 'path == NULL || path_is_valid (path)' failed
Gdk-Message: 15:09:17.718: Unable to load sb_v_double_arrow from the cursor theme
Gdk-Message: 15:09:17.718: Unable to load sb_h_double_arrow from the cursor theme
Gdk-Message: 15:09:17.734: Unable to load hand2 from the cursor theme
Gdk-Message: 15:09:17.734: Unable to load sb_h_double_arrow from the cursor theme
Gdk-Message: 15:09:17.734: Unable to load sb_v_double_arrow from the cursor theme
Gdk-Message: 15:30:36.162: Unable to load sb_v_double_arrow from the cursor theme
Gdk-Message: 15:30:36.162: Unable to load sb_h_double_arrow from the cursor theme
Gdk-Message: 15:30:36.177: Unable to load hand2 from the cursor theme
Gdk-Message: 15:30:36.177: Unable to load sb_h_double_arrow from the cursor theme
Gdk-Message: 15:30:36.177: Unable to load sb_v_double_arrow from the cursor theme
Gdk-Message: 16:40:11.489: Unable to load sb_v_double_arrow from the cursor theme
Gdk-Message: 16:40:11.489: Unable to load sb_h_double_arrow from the cursor theme
Gdk-Message: 16:40:11.504: Unable to load hand2 from the cursor theme
Gdk-Message: 16:40:11.504: Unable to load sb_h_double_arrow from the cursor theme
Gdk-Message: 16:40:11.504: Unable to load sb_v_double_arrow from the cursor theme
Gdk-Message: 16:50:47.649: Error reading events from display: Broken pipe
Gdk-Message: 16:50:59.409: Unable to load sb_v_double_arrow from the cursor theme
Gdk-Message: 16:50:59.409: Unable to load sb_h_double_arrow from the cursor theme
Gdk-Message: 16:50:59.424: Unable to load hand2 from the cursor theme
Gdk-Message: 16:50:59.424: Unable to load sb_h_double_arrow from the cursor theme
Gdk-Message: 16:50:59.424: Unable to load sb_v_double_arrow from the cursor theme
Gdk-Message: 17:15:18.017: Unable to load sb_v_double_arrow from the cursor theme
Gdk-Message: 17:15:18.017: Unable to load sb_h_double_arrow from the cursor theme
Gdk-Message: 17:15:18.032: Unable to load hand2 from the cursor theme
Gdk-Message: 17:15:18.032: Unable to load sb_h_double_arrow from the cursor theme
Gdk-Message: 17:15:18.032: Unable to load sb_v_double_arrow from the cursor theme
Gdk-Message: 17:33:51.198: Unable to load sb_v_double_arrow from the cursor theme
Gdk-Message: 17:33:51.198: Unable to load sb_h_double_arrow from the cursor theme
Gdk-Message: 17:33:51.215: Unable to load hand2 from the cursor theme
Gdk-Message: 17:33:51.215: Unable to load sb_h_double_arrow from the cursor theme
Gdk-Message: 17:33:51.215: Unable to load sb_v_double_arrow from the cursor theme
Gdk-Message: 10:07:15.594: Unable to load sb_v_double_arrow from the cursor theme
Gdk-Message: 10:07:15.595: Unable to load sb_h_double_arrow from the cursor theme
Gdk-Message: 10:07:15.610: Unable to load hand2 from the cursor theme
Gdk-Message: 10:07:15.610: Unable to load sb_h_double_arrow from the cursor theme
Gdk-Message: 10:07:15.610: Unable to load sb_v_double_arrow from the cursor theme
